This is pdfTeX, Version 3.141592653-2.6-1.40.23 (TeX Live 2022/dev) (preloaded format=pdflatex 2022.3.26)  30 APR 2022 17:18
entering extended mode
 restricted \write18 enabled.
 %&-line parsing enabled.
**/private/var/folders/8l/3wt8fj596j1371dc7rx9syww0000gn/T/RtmpJFLDwN/preview-3
f45d73a9c8.dir/sample_writeup.tex

(/private/var/folders/8l/3wt8fj596j1371dc7rx9syww0000gn/T/RtmpJFLDwN/preview-3f
45d73a9c8.dir/sample_writeup.tex
LaTeX2e <2021-11-15> patch level 1
L3 programming layer <2022-02-24> (/Users/sebastiansciarra/Library/TinyTeX/texm
f-dist/tex/latex/apa7/apa7.cls
Document Class: apa7 2022/01/03 v2.15 APA formatting (7th edition)
(/Users/sebastiansciarra/Library/TinyTeX/texmf-dist/tex/latex/base/article.cls
Document Class: article 2021/10/04 v1.4n Standard LaTeX document class
(/Users/sebastiansciarra/Library/TinyTeX/texmf-dist/tex/latex/base/size12.clo
File: size12.clo 2021/10/04 v1.4n Standard LaTeX file (size option)
)
\c@part=\count185
\c@section=\count186
\c@subsection=\count187
\c@subsubsection=\count188
\c@paragraph=\count189
\c@subparagraph=\count190
\c@figure=\count191
\c@table=\count192
\abovecaptionskip=\skip47
\belowcaptionskip=\skip48
\bibindent=\dimen138
)
(/Users/sebastiansciarra/Library/TinyTeX/texmf-dist/tex/latex/etoolbox/etoolbox
.sty
Package: etoolbox 2020/10/05 v2.5k e-TeX tools for LaTeX (JAW)
\etb@tempcnta=\count193
)
Class apa7 Info: No bibliography package was specified; defaulting to (but not 
loading) Biblatex on input line 218.
(/Users/sebastiansciarra/Library/TinyTeX/texmf-dist/tex/latex/lm/lmodern.sty
Package: lmodern 2015/05/01 v1.6.1 Latin Modern Fonts
LaTeX Font Info:    Overwriting symbol font `operators' in version `normal'
(Font)                  OT1/cmr/m/n --> OT1/lmr/m/n on input line 22.
LaTeX Font Info:    Overwriting symbol font `letters' in version `normal'
(Font)                  OML/cmm/m/it --> OML/lmm/m/it on input line 23.
LaTeX Font Info:    Overwriting symbol font `symbols' in version `normal'
(Font)                  OMS/cmsy/m/n --> OMS/lmsy/m/n on input line 24.
LaTeX Font Info:    Overwriting symbol font `largesymbols' in version `normal'
(Font)                  OMX/cmex/m/n --> OMX/lmex/m/n on input line 25.
LaTeX Font Info:    Overwriting symbol font `operators' in version `bold'
(Font)                  OT1/cmr/bx/n --> OT1/lmr/bx/n on input line 26.
LaTeX Font Info:    Overwriting symbol font `letters' in version `bold'
(Font)                  OML/cmm/b/it --> OML/lmm/b/it on input line 27.
LaTeX Font Info:    Overwriting symbol font `symbols' in version `bold'
(Font)                  OMS/cmsy/b/n --> OMS/lmsy/b/n on input line 28.
LaTeX Font Info:    Overwriting symbol font `largesymbols' in version `bold'
(Font)                  OMX/cmex/m/n --> OMX/lmex/m/n on input line 29.
LaTeX Font Info:    Overwriting math alphabet `\mathbf' in version `normal'
(Font)                  OT1/cmr/bx/n --> OT1/lmr/bx/n on input line 31.
LaTeX Font Info:    Overwriting math alphabet `\mathsf' in version `normal'
(Font)                  OT1/cmss/m/n --> OT1/lmss/m/n on input line 32.
LaTeX Font Info:    Overwriting math alphabet `\mathit' in version `normal'
(Font)                  OT1/cmr/m/it --> OT1/lmr/m/it on input line 33.
LaTeX Font Info:    Overwriting math alphabet `\mathtt' in version `normal'
(Font)                  OT1/cmtt/m/n --> OT1/lmtt/m/n on input line 34.
LaTeX Font Info:    Overwriting math alphabet `\mathbf' in version `bold'
(Font)                  OT1/cmr/bx/n --> OT1/lmr/bx/n on input line 35.
LaTeX Font Info:    Overwriting math alphabet `\mathsf' in version `bold'
(Font)                  OT1/cmss/bx/n --> OT1/lmss/bx/n on input line 36.
LaTeX Font Info:    Overwriting math alphabet `\mathit' in version `bold'
(Font)                  OT1/cmr/bx/it --> OT1/lmr/bx/it on input line 37.
LaTeX Font Info:    Overwriting math alphabet `\mathtt' in version `bold'
(Font)                  OT1/cmtt/m/n --> OT1/lmtt/m/n on input line 38.
) (/Users/sebastiansciarra/Library/TinyTeX/texmf-dist/tex/latex/base/fontenc.st
y
Package: fontenc 2021/04/29 v2.0v Standard LaTeX package
LaTeX Font Info:    Trying to load font information for T1+lmr on input line 11
2.
(/Users/sebastiansciarra/Library/TinyTeX/texmf-dist/tex/latex/lm/t1lmr.fd
File: t1lmr.fd 2015/05/01 v1.6.1 Font defs for Latin Modern
))
(/Users/sebastiansciarra/Library/TinyTeX/texmf-dist/tex/latex/geometry/geometry
.sty
Package: geometry 2020/01/02 v5.9 Page Geometry

(/Users/sebastiansciarra/Library/TinyTeX/texmf-dist/tex/latex/graphics/keyval.s
ty
Package: keyval 2014/10/28 v1.15 key=value parser (DPC)
\KV@toks@=\toks16
)
(/Users/sebastiansciarra/Library/TinyTeX/texmf-dist/tex/generic/iftex/ifvtex.st
y
Package: ifvtex 2019/10/25 v1.7 ifvtex legacy package. Use iftex instead.

(/Users/sebastiansciarra/Library/TinyTeX/texmf-dist/tex/generic/iftex/iftex.sty
Package: iftex 2022/02/03 v1.0f TeX engine tests
))
\Gm@cnth=\count194
\Gm@cntv=\count195
\c@Gm@tempcnt=\count196
\Gm@bindingoffset=\dimen139
\Gm@wd@mp=\dimen140
\Gm@odd@mp=\dimen141
\Gm@even@mp=\dimen142
\Gm@layoutwidth=\dimen143
\Gm@layoutheight=\dimen144
\Gm@layouthoffset=\dimen145
\Gm@layoutvoffset=\dimen146
\Gm@dimlist=\toks17
)
(/Users/sebastiansciarra/Library/TinyTeX/texmf-dist/tex/latex/graphics/graphicx
.sty
Package: graphicx 2021/09/16 v1.2d Enhanced LaTeX Graphics (DPC,SPQR)

(/Users/sebastiansciarra/Library/TinyTeX/texmf-dist/tex/latex/graphics/graphics
.sty
Package: graphics 2021/03/04 v1.4d Standard LaTeX Graphics (DPC,SPQR)

(/Users/sebastiansciarra/Library/TinyTeX/texmf-dist/tex/latex/graphics/trig.sty
Package: trig 2021/08/11 v1.11 sin cos tan (DPC)
)
(/Users/sebastiansciarra/Library/TinyTeX/texmf-dist/tex/latex/graphics-cfg/grap
hics.cfg
File: graphics.cfg 2016/06/04 v1.11 sample graphics configuration
)
Package graphics Info: Driver file: pdftex.def on input line 107.

(/Users/sebastiansciarra/Library/TinyTeX/texmf-dist/tex/latex/graphics-def/pdft
ex.def
File: pdftex.def 2020/10/05 v1.2a Graphics/color driver for pdftex
))
\Gin@req@height=\dimen147
\Gin@req@width=\dimen148
)
(/Users/sebastiansciarra/Library/TinyTeX/texmf-dist/tex/latex/scalerel/scalerel
.sty
Package: scalerel 2016/12/29 v1.8 Routines for constrained scaling and stretchi
ng of objects, relative to a reference object or in absolute terms
(/Users/sebastiansciarra/Library/TinyTeX/texmf-dist/tex/latex/tools/calc.sty
Package: calc 2017/05/25 v4.3 Infix arithmetic (KKT,FJ)
\calc@Acount=\count197
\calc@Bcount=\count198
\calc@Adimen=\dimen149
\calc@Bdimen=\dimen150
\calc@Askip=\skip49
\calc@Bskip=\skip50
LaTeX Info: Redefining \setlength on input line 80.
LaTeX Info: Redefining \addtolength on input line 81.
\calc@Ccount=\count199
\calc@Cskip=\skip51
)
\thesrwidth=\skip52
\thesrheight=\skip53
\srblobheight=\skip54
\srblobdepth=\skip55
\mnxsrwidth=\skip56
\LMex=\skip57
\LMpt=\skip58
)
(/Users/sebastiansciarra/Library/TinyTeX/texmf-dist/tex/latex/pgf/frontendlayer
/tikz.sty
(/Users/sebastiansciarra/Library/TinyTeX/texmf-dist/tex/latex/pgf/basiclayer/pg
f.sty
(/Users/sebastiansciarra/Library/TinyTeX/texmf-dist/tex/latex/pgf/utilities/pgf
rcs.sty
(/Users/sebastiansciarra/Library/TinyTeX/texmf-dist/tex/generic/pgf/utilities/p
gfutil-common.tex
\pgfutil@everybye=\toks18
\pgfutil@tempdima=\dimen151
\pgfutil@tempdimb=\dimen152

(/Users/sebastiansciarra/Library/TinyTeX/texmf-dist/tex/generic/pgf/utilities/p
gfutil-common-lists.tex))
(/Users/sebastiansciarra/Library/TinyTeX/texmf-dist/tex/generic/pgf/utilities/p
gfutil-latex.def
\pgfutil@abb=\box50
)
(/Users/sebastiansciarra/Library/TinyTeX/texmf-dist/tex/generic/pgf/utilities/p
gfrcs.code.tex
(/Users/sebastiansciarra/Library/TinyTeX/texmf-dist/tex/generic/pgf/pgf.revisio
n.tex)
Package: pgfrcs 2021/05/15 v3.1.9a (3.1.9a)
))
Package: pgf 2021/05/15 v3.1.9a (3.1.9a)

(/Users/sebastiansciarra/Library/TinyTeX/texmf-dist/tex/latex/pgf/basiclayer/pg
fcore.sty
(/Users/sebastiansciarra/Library/TinyTeX/texmf-dist/tex/latex/pgf/systemlayer/p
gfsys.sty
(/Users/sebastiansciarra/Library/TinyTeX/texmf-dist/tex/generic/pgf/systemlayer
/pgfsys.code.tex
Package: pgfsys 2021/05/15 v3.1.9a (3.1.9a)

(/Users/sebastiansciarra/Library/TinyTeX/texmf-dist/tex/generic/pgf/utilities/p
gfkeys.code.tex
\pgfkeys@pathtoks=\toks19
\pgfkeys@temptoks=\toks20

(/Users/sebastiansciarra/Library/TinyTeX/texmf-dist/tex/generic/pgf/utilities/p
gfkeysfiltered.code.tex
\pgfkeys@tmptoks=\toks21
))
\pgf@x=\dimen153
\pgf@y=\dimen154
\pgf@xa=\dimen155
\pgf@ya=\dimen156
\pgf@xb=\dimen157
\pgf@yb=\dimen158
\pgf@xc=\dimen159
\pgf@yc=\dimen160
\pgf@xd=\dimen161
\pgf@yd=\dimen162
\w@pgf@writea=\write3
\r@pgf@reada=\read2
\c@pgf@counta=\count266
\c@pgf@countb=\count267
\c@pgf@countc=\count268
\c@pgf@countd=\count269
\t@pgf@toka=\toks22
\t@pgf@tokb=\toks23
\t@pgf@tokc=\toks24
\pgf@sys@id@count=\count270

(/Users/sebastiansciarra/Library/TinyTeX/texmf-dist/tex/generic/pgf/systemlayer
/pgf.cfg
File: pgf.cfg 2021/05/15 v3.1.9a (3.1.9a)
)
Driver file for pgf: pgfsys-pdftex.def

(/Users/sebastiansciarra/Library/TinyTeX/texmf-dist/tex/generic/pgf/systemlayer
/pgfsys-pdftex.def
File: pgfsys-pdftex.def 2021/05/15 v3.1.9a (3.1.9a)

(/Users/sebastiansciarra/Library/TinyTeX/texmf-dist/tex/generic/pgf/systemlayer
/pgfsys-common-pdf.def
File: pgfsys-common-pdf.def 2021/05/15 v3.1.9a (3.1.9a)
)))
(/Users/sebastiansciarra/Library/TinyTeX/texmf-dist/tex/generic/pgf/systemlayer
/pgfsyssoftpath.code.tex
File: pgfsyssoftpath.code.tex 2021/05/15 v3.1.9a (3.1.9a)
\pgfsyssoftpath@smallbuffer@items=\count271
\pgfsyssoftpath@bigbuffer@items=\count272
)
(/Users/sebastiansciarra/Library/TinyTeX/texmf-dist/tex/generic/pgf/systemlayer
/pgfsysprotocol.code.tex
File: pgfsysprotocol.code.tex 2021/05/15 v3.1.9a (3.1.9a)
))
(/Users/sebastiansciarra/Library/TinyTeX/texmf-dist/tex/latex/xcolor/xcolor.sty
Package: xcolor 2021/10/31 v2.13 LaTeX color extensions (UK)

(/Users/sebastiansciarra/Library/TinyTeX/texmf-dist/tex/latex/graphics-cfg/colo
r.cfg
File: color.cfg 2016/01/02 v1.6 sample color configuration
)
Package xcolor Info: Driver file: pdftex.def on input line 227.
Package xcolor Info: Model `cmy' substituted by `cmy0' on input line 1352.
Package xcolor Info: Model `hsb' substituted by `rgb' on input line 1356.
Package xcolor Info: Model `RGB' extended on input line 1368.
Package xcolor Info: Model `HTML' substituted by `rgb' on input line 1370.
Package xcolor Info: Model `Hsb' substituted by `hsb' on input line 1371.
Package xcolor Info: Model `tHsb' substituted by `hsb' on input line 1372.
Package xcolor Info: Model `HSB' substituted by `hsb' on input line 1373.
Package xcolor Info: Model `Gray' substituted by `gray' on input line 1374.
Package xcolor Info: Model `wave' substituted by `hsb' on input line 1375.
)
(/Users/sebastiansciarra/Library/TinyTeX/texmf-dist/tex/generic/pgf/basiclayer/
pgfcore.code.tex
Package: pgfcore 2021/05/15 v3.1.9a (3.1.9a)

(/Users/sebastiansciarra/Library/TinyTeX/texmf-dist/tex/generic/pgf/math/pgfmat
h.code.tex
(/Users/sebastiansciarra/Library/TinyTeX/texmf-dist/tex/generic/pgf/math/pgfmat
hcalc.code.tex
(/Users/sebastiansciarra/Library/TinyTeX/texmf-dist/tex/generic/pgf/math/pgfmat
hutil.code.tex)
(/Users/sebastiansciarra/Library/TinyTeX/texmf-dist/tex/generic/pgf/math/pgfmat
hparser.code.tex
\pgfmath@dimen=\dimen163
\pgfmath@count=\count273
\pgfmath@box=\box51
\pgfmath@toks=\toks25
\pgfmath@stack@operand=\toks26
\pgfmath@stack@operation=\toks27
)
(/Users/sebastiansciarra/Library/TinyTeX/texmf-dist/tex/generic/pgf/math/pgfmat
hfunctions.code.tex
(/Users/sebastiansciarra/Library/TinyTeX/texmf-dist/tex/generic/pgf/math/pgfmat
hfunctions.basic.code.tex)
(/Users/sebastiansciarra/Library/TinyTeX/texmf-dist/tex/generic/pgf/math/pgfmat
hfunctions.trigonometric.code.tex)
(/Users/sebastiansciarra/Library/TinyTeX/texmf-dist/tex/generic/pgf/math/pgfmat
hfunctions.random.code.tex)
(/Users/sebastiansciarra/Library/TinyTeX/texmf-dist/tex/generic/pgf/math/pgfmat
hfunctions.comparison.code.tex)
(/Users/sebastiansciarra/Library/TinyTeX/texmf-dist/tex/generic/pgf/math/pgfmat
hfunctions.base.code.tex)
(/Users/sebastiansciarra/Library/TinyTeX/texmf-dist/tex/generic/pgf/math/pgfmat
hfunctions.round.code.tex)
(/Users/sebastiansciarra/Library/TinyTeX/texmf-dist/tex/generic/pgf/math/pgfmat
hfunctions.misc.code.tex)
(/Users/sebastiansciarra/Library/TinyTeX/texmf-dist/tex/generic/pgf/math/pgfmat
hfunctions.integerarithmetics.code.tex)))
(/Users/sebastiansciarra/Library/TinyTeX/texmf-dist/tex/generic/pgf/math/pgfmat
hfloat.code.tex
\c@pgfmathroundto@lastzeros=\count274
))
(/Users/sebastiansciarra/Library/TinyTeX/texmf-dist/tex/generic/pgf/math/pgfint
.code.tex)
(/Users/sebastiansciarra/Library/TinyTeX/texmf-dist/tex/generic/pgf/basiclayer/
pgfcorepoints.code.tex
File: pgfcorepoints.code.tex 2021/05/15 v3.1.9a (3.1.9a)
\pgf@picminx=\dimen164
\pgf@picmaxx=\dimen165
\pgf@picminy=\dimen166
\pgf@picmaxy=\dimen167
\pgf@pathminx=\dimen168
\pgf@pathmaxx=\dimen169
\pgf@pathminy=\dimen170
\pgf@pathmaxy=\dimen171
\pgf@xx=\dimen172
\pgf@xy=\dimen173
\pgf@yx=\dimen174
\pgf@yy=\dimen175
\pgf@zx=\dimen176
\pgf@zy=\dimen177
)
(/Users/sebastiansciarra/Library/TinyTeX/texmf-dist/tex/generic/pgf/basiclayer/
pgfcorepathconstruct.code.tex
File: pgfcorepathconstruct.code.tex 2021/05/15 v3.1.9a (3.1.9a)
\pgf@path@lastx=\dimen178
\pgf@path@lasty=\dimen179
)
(/Users/sebastiansciarra/Library/TinyTeX/texmf-dist/tex/generic/pgf/basiclayer/
pgfcorepathusage.code.tex
File: pgfcorepathusage.code.tex 2021/05/15 v3.1.9a (3.1.9a)
\pgf@shorten@end@additional=\dimen180
\pgf@shorten@start@additional=\dimen181
)
(/Users/sebastiansciarra/Library/TinyTeX/texmf-dist/tex/generic/pgf/basiclayer/
pgfcorescopes.code.tex
File: pgfcorescopes.code.tex 2021/05/15 v3.1.9a (3.1.9a)
\pgfpic=\box52
\pgf@hbox=\box53
\pgf@layerbox@main=\box54
\pgf@picture@serial@count=\count275
)
(/Users/sebastiansciarra/Library/TinyTeX/texmf-dist/tex/generic/pgf/basiclayer/
pgfcoregraphicstate.code.tex
File: pgfcoregraphicstate.code.tex 2021/05/15 v3.1.9a (3.1.9a)
\pgflinewidth=\dimen182
)
(/Users/sebastiansciarra/Library/TinyTeX/texmf-dist/tex/generic/pgf/basiclayer/
pgfcoretransformations.code.tex
File: pgfcoretransformations.code.tex 2021/05/15 v3.1.9a (3.1.9a)
\pgf@pt@x=\dimen183
\pgf@pt@y=\dimen184
\pgf@pt@temp=\dimen185
)
(/Users/sebastiansciarra/Library/TinyTeX/texmf-dist/tex/generic/pgf/basiclayer/
pgfcorequick.code.tex
File: pgfcorequick.code.tex 2021/05/15 v3.1.9a (3.1.9a)
)
(/Users/sebastiansciarra/Library/TinyTeX/texmf-dist/tex/generic/pgf/basiclayer/
pgfcoreobjects.code.tex
File: pgfcoreobjects.code.tex 2021/05/15 v3.1.9a (3.1.9a)
)
(/Users/sebastiansciarra/Library/TinyTeX/texmf-dist/tex/generic/pgf/basiclayer/
pgfcorepathprocessing.code.tex
File: pgfcorepathprocessing.code.tex 2021/05/15 v3.1.9a (3.1.9a)
)
(/Users/sebastiansciarra/Library/TinyTeX/texmf-dist/tex/generic/pgf/basiclayer/
pgfcorearrows.code.tex
File: pgfcorearrows.code.tex 2021/05/15 v3.1.9a (3.1.9a)
\pgfarrowsep=\dimen186
)
(/Users/sebastiansciarra/Library/TinyTeX/texmf-dist/tex/generic/pgf/basiclayer/
pgfcoreshade.code.tex
File: pgfcoreshade.code.tex 2021/05/15 v3.1.9a (3.1.9a)
\pgf@max=\dimen187
\pgf@sys@shading@range@num=\count276
\pgf@shadingcount=\count277
)
(/Users/sebastiansciarra/Library/TinyTeX/texmf-dist/tex/generic/pgf/basiclayer/
pgfcoreimage.code.tex
File: pgfcoreimage.code.tex 2021/05/15 v3.1.9a (3.1.9a)

(/Users/sebastiansciarra/Library/TinyTeX/texmf-dist/tex/generic/pgf/basiclayer/
pgfcoreexternal.code.tex
File: pgfcoreexternal.code.tex 2021/05/15 v3.1.9a (3.1.9a)
\pgfexternal@startupbox=\box55
))
(/Users/sebastiansciarra/Library/TinyTeX/texmf-dist/tex/generic/pgf/basiclayer/
pgfcorelayers.code.tex
File: pgfcorelayers.code.tex 2021/05/15 v3.1.9a (3.1.9a)
)
(/Users/sebastiansciarra/Library/TinyTeX/texmf-dist/tex/generic/pgf/basiclayer/
pgfcoretransparency.code.tex
File: pgfcoretransparency.code.tex 2021/05/15 v3.1.9a (3.1.9a)
)
(/Users/sebastiansciarra/Library/TinyTeX/texmf-dist/tex/generic/pgf/basiclayer/
pgfcorepatterns.code.tex
File: pgfcorepatterns.code.tex 2021/05/15 v3.1.9a (3.1.9a)
)
(/Users/sebastiansciarra/Library/TinyTeX/texmf-dist/tex/generic/pgf/basiclayer/
pgfcorerdf.code.tex
File: pgfcorerdf.code.tex 2021/05/15 v3.1.9a (3.1.9a)
)))
(/Users/sebastiansciarra/Library/TinyTeX/texmf-dist/tex/generic/pgf/modules/pgf
moduleshapes.code.tex
File: pgfmoduleshapes.code.tex 2021/05/15 v3.1.9a (3.1.9a)
\pgfnodeparttextbox=\box56
)
(/Users/sebastiansciarra/Library/TinyTeX/texmf-dist/tex/generic/pgf/modules/pgf
moduleplot.code.tex
File: pgfmoduleplot.code.tex 2021/05/15 v3.1.9a (3.1.9a)
)
(/Users/sebastiansciarra/Library/TinyTeX/texmf-dist/tex/latex/pgf/compatibility
/pgfcomp-version-0-65.sty
Package: pgfcomp-version-0-65 2021/05/15 v3.1.9a (3.1.9a)
\pgf@nodesepstart=\dimen188
\pgf@nodesepend=\dimen189
)
(/Users/sebastiansciarra/Library/TinyTeX/texmf-dist/tex/latex/pgf/compatibility
/pgfcomp-version-1-18.sty
Package: pgfcomp-version-1-18 2021/05/15 v3.1.9a (3.1.9a)
))
(/Users/sebastiansciarra/Library/TinyTeX/texmf-dist/tex/latex/pgf/utilities/pgf
for.sty
(/Users/sebastiansciarra/Library/TinyTeX/texmf-dist/tex/latex/pgf/utilities/pgf
keys.sty
(/Users/sebastiansciarra/Library/TinyTeX/texmf-dist/tex/generic/pgf/utilities/p
gfkeys.code.tex))
(/Users/sebastiansciarra/Library/TinyTeX/texmf-dist/tex/latex/pgf/math/pgfmath.
sty
(/Users/sebastiansciarra/Library/TinyTeX/texmf-dist/tex/generic/pgf/math/pgfmat
h.code.tex))
(/Users/sebastiansciarra/Library/TinyTeX/texmf-dist/tex/generic/pgf/utilities/p
gffor.code.tex
Package: pgffor 2021/05/15 v3.1.9a (3.1.9a)

(/Users/sebastiansciarra/Library/TinyTeX/texmf-dist/tex/generic/pgf/math/pgfmat
h.code.tex)
\pgffor@iter=\dimen190
\pgffor@skip=\dimen191
\pgffor@stack=\toks28
\pgffor@toks=\toks29
))
(/Users/sebastiansciarra/Library/TinyTeX/texmf-dist/tex/generic/pgf/frontendlay
er/tikz/tikz.code.tex
Package: tikz 2021/05/15 v3.1.9a (3.1.9a)

(/Users/sebastiansciarra/Library/TinyTeX/texmf-dist/tex/generic/pgf/libraries/p
gflibraryplothandlers.code.tex
File: pgflibraryplothandlers.code.tex 2021/05/15 v3.1.9a (3.1.9a)
\pgf@plot@mark@count=\count278
\pgfplotmarksize=\dimen192
)
\tikz@lastx=\dimen193
\tikz@lasty=\dimen194
\tikz@lastxsaved=\dimen195
\tikz@lastysaved=\dimen196
\tikz@lastmovetox=\dimen197
\tikz@lastmovetoy=\dimen198
\tikzleveldistance=\dimen199
\tikzsiblingdistance=\dimen256
\tikz@figbox=\box57
\tikz@figbox@bg=\box58
\tikz@tempbox=\box59
\tikz@tempbox@bg=\box60
\tikztreelevel=\count279
\tikznumberofchildren=\count280
\tikznumberofcurrentchild=\count281
\tikz@fig@count=\count282

(/Users/sebastiansciarra/Library/TinyTeX/texmf-dist/tex/generic/pgf/modules/pgf
modulematrix.code.tex
File: pgfmodulematrix.code.tex 2021/05/15 v3.1.9a (3.1.9a)
\pgfmatrixcurrentrow=\count283
\pgfmatrixcurrentcolumn=\count284
\pgf@matrix@numberofcolumns=\count285
)
\tikz@expandcount=\count286

(/Users/sebastiansciarra/Library/TinyTeX/texmf-dist/tex/generic/pgf/frontendlay
er/tikz/libraries/tikzlibrarytopaths.code.tex
File: tikzlibrarytopaths.code.tex 2021/05/15 v3.1.9a (3.1.9a)
)))
(/Users/sebastiansciarra/Library/TinyTeX/texmf-dist/tex/latex/hyperref/hyperref
.sty
Package: hyperref 2022-02-21 v7.00n Hypertext links for LaTeX

(/Users/sebastiansciarra/Library/TinyTeX/texmf-dist/tex/generic/ltxcmds/ltxcmds
.sty
Package: ltxcmds 2020-05-10 v1.25 LaTeX kernel commands for general use (HO)
)
(/Users/sebastiansciarra/Library/TinyTeX/texmf-dist/tex/generic/pdftexcmds/pdft
excmds.sty
Package: pdftexcmds 2020-06-27 v0.33 Utility functions of pdfTeX for LuaTeX (HO
)

(/Users/sebastiansciarra/Library/TinyTeX/texmf-dist/tex/generic/infwarerr/infwa
rerr.sty
Package: infwarerr 2019/12/03 v1.5 Providing info/warning/error messages (HO)
)
Package pdftexcmds Info: \pdf@primitive is available.
Package pdftexcmds Info: \pdf@ifprimitive is available.
Package pdftexcmds Info: \pdfdraftmode found.
)
(/Users/sebastiansciarra/Library/TinyTeX/texmf-dist/tex/generic/kvsetkeys/kvset
keys.sty
Package: kvsetkeys 2019/12/15 v1.18 Key value parser (HO)
)
(/Users/sebastiansciarra/Library/TinyTeX/texmf-dist/tex/generic/kvdefinekeys/kv
definekeys.sty
Package: kvdefinekeys 2019-12-19 v1.6 Define keys (HO)
)
(/Users/sebastiansciarra/Library/TinyTeX/texmf-dist/tex/generic/pdfescape/pdfes
cape.sty
Package: pdfescape 2019/12/09 v1.15 Implements pdfTeX's escape features (HO)
)
(/Users/sebastiansciarra/Library/TinyTeX/texmf-dist/tex/latex/hycolor/hycolor.s
ty
Package: hycolor 2020-01-27 v1.10 Color options for hyperref/bookmark (HO)
)
(/Users/sebastiansciarra/Library/TinyTeX/texmf-dist/tex/latex/letltxmacro/letlt
xmacro.sty
Package: letltxmacro 2019/12/03 v1.6 Let assignment for LaTeX macros (HO)
)
(/Users/sebastiansciarra/Library/TinyTeX/texmf-dist/tex/latex/auxhook/auxhook.s
ty
Package: auxhook 2019-12-17 v1.6 Hooks for auxiliary files (HO)
)
(/Users/sebastiansciarra/Library/TinyTeX/texmf-dist/tex/latex/kvoptions/kvoptio
ns.sty
Package: kvoptions 2020-10-07 v3.14 Key value format for package options (HO)
)
\@linkdim=\dimen257
\Hy@linkcounter=\count287
\Hy@pagecounter=\count288

(/Users/sebastiansciarra/Library/TinyTeX/texmf-dist/tex/latex/hyperref/pd1enc.d
ef
File: pd1enc.def 2022-02-21 v7.00n Hyperref: PDFDocEncoding definition (HO)
Now handling font encoding PD1 ...
... no UTF-8 mapping file for font encoding PD1
)
(/Users/sebastiansciarra/Library/TinyTeX/texmf-dist/tex/generic/intcalc/intcalc
.sty
Package: intcalc 2019/12/15 v1.3 Expandable calculations with integers (HO)
)
(/Users/sebastiansciarra/Library/TinyTeX/texmf-dist/tex/generic/etexcmds/etexcm
ds.sty
Package: etexcmds 2019/12/15 v1.7 Avoid name clashes with e-TeX commands (HO)
)
\Hy@SavedSpaceFactor=\count289

(/Users/sebastiansciarra/Library/TinyTeX/texmf-dist/tex/latex/hyperref/puenc.de
f
File: puenc.def 2022-02-21 v7.00n Hyperref: PDF Unicode definition (HO)
Now handling font encoding PU ...
... no UTF-8 mapping file for font encoding PU
)
Package hyperref Info: Option `unicode' set `true' on input line 4018.
Package hyperref Info: Hyper figures OFF on input line 4137.
Package hyperref Info: Link nesting OFF on input line 4142.
Package hyperref Info: Hyper index ON on input line 4145.
Package hyperref Info: Plain pages OFF on input line 4152.
Package hyperref Info: Backreferencing OFF on input line 4157.
Package hyperref Info: Implicit mode ON; LaTeX internals redefined.
Package hyperref Info: Bookmarks ON on input line 4390.
\c@Hy@tempcnt=\count290
(/Users/sebastiansciarra/Library/TinyTeX/texmf-dist/tex/latex/url/url.sty
\Urlmuskip=\muskip16
Package: url 2013/09/16  ver 3.4  Verb mode for urls, etc.
)
LaTeX Info: Redefining \url on input line 4749.
\XeTeXLinkMargin=\dimen258

(/Users/sebastiansciarra/Library/TinyTeX/texmf-dist/tex/generic/bitset/bitset.s
ty
Package: bitset 2019/12/09 v1.3 Handle bit-vector datatype (HO)

(/Users/sebastiansciarra/Library/TinyTeX/texmf-dist/tex/generic/bigintcalc/bigi
ntcalc.sty
Package: bigintcalc 2019/12/15 v1.5 Expandable calculations on big integers (HO
)
))
\Fld@menulength=\count291
\Field@Width=\dimen259
\Fld@charsize=\dimen260
Package hyperref Info: Hyper figures OFF on input line 6027.
Package hyperref Info: Link nesting OFF on input line 6032.
Package hyperref Info: Hyper index ON on input line 6035.
Package hyperref Info: backreferencing OFF on input line 6042.
Package hyperref Info: Link coloring OFF on input line 6047.
Package hyperref Info: Link coloring with OCG OFF on input line 6052.
Package hyperref Info: PDF/A mode OFF on input line 6057.
LaTeX Info: Redefining \ref on input line 6097.
LaTeX Info: Redefining \pageref on input line 6101.

(/Users/sebastiansciarra/Library/TinyTeX/texmf-dist/tex/latex/base/atbegshi-ltx
.sty
Package: atbegshi-ltx 2021/01/10 v1.0c Emulation of the original atbegshi
package with kernel methods
)
\Hy@abspage=\count292
\c@Item=\count293
\c@Hfootnote=\count294
)
Package hyperref Info: Driver (autodetected): hpdftex.

(/Users/sebastiansciarra/Library/TinyTeX/texmf-dist/tex/latex/hyperref/hpdftex.
def
File: hpdftex.def 2022-02-21 v7.00n Hyperref driver for pdfTeX

(/Users/sebastiansciarra/Library/TinyTeX/texmf-dist/tex/latex/base/atveryend-lt
x.sty
Package: atveryend-ltx 2020/08/19 v1.0a Emulation of the original atveryend pac
kage
with kernel methods
)
\Fld@listcount=\count295
\c@bookmark@seq@number=\count296

(/Users/sebastiansciarra/Library/TinyTeX/texmf-dist/tex/latex/rerunfilecheck/re
runfilecheck.sty
Package: rerunfilecheck 2019/12/05 v1.9 Rerun checks for auxiliary files (HO)

(/Users/sebastiansciarra/Library/TinyTeX/texmf-dist/tex/generic/uniquecounter/u
niquecounter.sty
Package: uniquecounter 2019/12/15 v1.4 Provide unlimited unique counter (HO)
)
Package uniquecounter Info: New unique counter `rerunfilecheck' on input line 2
86.
)
\Hy@SectionHShift=\skip59
)
(/Users/sebastiansciarra/Library/TinyTeX/texmf-dist/tex/generic/pgf/frontendlay
er/tikz/libraries/tikzlibrarysvg.path.code.tex
File: tikzlibrarysvg.path.code.tex 2021/05/15 v3.1.9a (3.1.9a)

(/Users/sebastiansciarra/Library/TinyTeX/texmf-dist/tex/generic/pgf/libraries/p
gflibrarysvg.path.code.tex
File: pgflibrarysvg.path.code.tex 2021/05/15 v3.1.9a (3.1.9a)

(/Users/sebastiansciarra/Library/TinyTeX/texmf-dist/tex/generic/pgf/modules/pgf
moduleparser.code.tex
File: pgfmoduleparser.code.tex 2021/05/15 v3.1.9a (3.1.9a)
\pgfparserdef@arg@count=\count297
)
\pgf@lib@svg@last@x=\dimen261
\pgf@lib@svg@last@y=\dimen262
\pgf@lib@svg@last@c@x=\dimen263
\pgf@lib@svg@last@c@y=\dimen264
\pgf@lib@svg@count=\count298
\pgf@lib@svg@max@num=\count299
))
(/Users/sebastiansciarra/Library/TinyTeX/texmf-dist/tex/latex/booktabs/booktabs
.sty
Package: booktabs 2020/01/12 v1.61803398 Publication quality tables
\heavyrulewidth=\dimen265
\lightrulewidth=\dimen266
\cmidrulewidth=\dimen267
\belowrulesep=\dimen268
\belowbottomsep=\dimen269
\aboverulesep=\dimen270
\abovetopsep=\dimen271
\cmidrulesep=\dimen272
\cmidrulekern=\dimen273
\defaultaddspace=\dimen274
\@cmidla=\count300
\@cmidlb=\count301
\@aboverulesep=\dimen275
\@belowrulesep=\dimen276
\@thisruleclass=\count302
\@lastruleclass=\count303
\@thisrulewidth=\dimen277
)
(/Users/sebastiansciarra/Library/TinyTeX/texmf-dist/tex/latex/threeparttable/th
reeparttable.sty
Package: threeparttable 2003/06/13  v 3.0
\@tempboxb=\box61
)
\b@level@one@skip=\skip60
\e@level@one@skip=\skip61
\b@level@two@skip=\skip62
\e@level@two@skip=\skip63
\b@level@three@skip=\skip64
\e@level@three@skip=\skip65
\b@level@four@skip=\skip66
\e@level@four@skip=\skip67
\b@level@five@skip=\skip68
\e@level@five@skip=\skip69

(/Users/sebastiansciarra/Library/TinyTeX/texmf-dist/tex/latex/caption/caption.s
ty
Package: caption 2022/03/01 v3.6b Customizing captions (AR)

(/Users/sebastiansciarra/Library/TinyTeX/texmf-dist/tex/latex/caption/caption3.
sty
Package: caption3 2022/03/17 v2.3b caption3 kernel (AR)
\caption@tempdima=\dimen278
\captionmargin=\dimen279
\caption@leftmargin=\dimen280
\caption@rightmargin=\dimen281
\caption@width=\dimen282
\caption@indent=\dimen283
\caption@parindent=\dimen284
\caption@hangindent=\dimen285
Package caption Info: Standard document class detected.
)
\c@caption@flags=\count304
\c@continuedfloat=\count305
Package caption Info: hyperref package is loaded.
Package caption Info: threeparttable package is loaded.
)
\c@APAenum=\count306
\@text@par@indent=\skip70
\gr@box=\box62
\gr@boxwidth=\skip71
\gr@boxheight=\skip72
(/Users/sebastiansciarra/Library/TinyTeX/texmf-dist/tex/latex/tools/bm.sty
Package: bm 2021/04/25 v1.2e Bold Symbol Support (DPC/FMi)
\symboldoperators=\mathgroup4
\symboldletters=\mathgroup5
\symboldsymbols=\mathgroup6
Package bm Info: No bold for \OMX/lmex/m/n, using \pmb.
LaTeX Font Info:    Redeclaring math alphabet \mathbf on input line 149.
)
\c@appendix=\count307

(/Users/sebastiansciarra/Library/TinyTeX/texmf-dist/tex/latex/fancyhdr/fancyhdr
.sty
Package: fancyhdr 2021/01/28 v4.0.1 Extensive control of page headers and foote
rs
\f@nch@headwidth=\skip73
\f@nch@O@elh=\skip74
\f@nch@O@erh=\skip75
\f@nch@O@olh=\skip76
\f@nch@O@orh=\skip77
\f@nch@O@elf=\skip78
\f@nch@O@erf=\skip79
\f@nch@O@olf=\skip80
\f@nch@O@orf=\skip81
)
(/Users/sebastiansciarra/Library/TinyTeX/texmf-dist/tex/latex/endfloat/endfloat
.sty
Package: endfloat 2019/04/15 v2.7 LaTeX2e package puts figures and tables at en
d (jdm)
\c@posttable=\count308
\efloat@postttt=\write4
\@ef@tttopen=\count309
\c@postfigure=\count310
\efloat@postfff=\write5
\@ef@fffopen=\count311
) (/Users/sebastiansciarra/Library/TinyTeX/texmf-dist/tex/latex/float/float.sty
Package: float 2001/11/08 v1.3d Float enhancements (AL)
\c@float@type=\count312
\float@exts=\toks30
\float@box=\box63
\@float@everytoks=\toks31
\@floatcapt=\box64
))
\c@NumberOfAuthors=\count313
\c@NumberOfSuperscripts=\count314

(/Users/sebastiansciarra/Library/TinyTeX/texmf-dist/tex/latex/amsmath/amsmath.s
ty
Package: amsmath 2021/10/15 v2.17l AMS math features
\@mathmargin=\skip82
For additional information on amsmath, use the `?' option.

(/Users/sebastiansciarra/Library/TinyTeX/texmf-dist/tex/latex/amsmath/amstext.s
ty
Package: amstext 2021/08/26 v2.01 AMS text

(/Users/sebastiansciarra/Library/TinyTeX/texmf-dist/tex/latex/amsmath/amsgen.st
y
File: amsgen.sty 1999/11/30 v2.0 generic functions
\@emptytoks=\toks32
\ex@=\dimen286
))
(/Users/sebastiansciarra/Library/TinyTeX/texmf-dist/tex/latex/amsmath/amsbsy.st
y
Package: amsbsy 1999/11/29 v1.2d Bold Symbols
LaTeX Info: Redefining \boldsymbol on input line 28.
\pmbraise@=\dimen287
)
(/Users/sebastiansciarra/Library/TinyTeX/texmf-dist/tex/latex/amsmath/amsopn.st
y
Package: amsopn 2021/08/26 v2.02 operator names
)
\inf@bad=\count315
LaTeX Info: Redefining \frac on input line 234.
\uproot@=\count316
\leftroot@=\count317
LaTeX Info: Redefining \overline on input line 399.
\classnum@=\count318
\DOTSCASE@=\count319
LaTeX Info: Redefining \ldots on input line 496.
LaTeX Info: Redefining \dots on input line 499.
LaTeX Info: Redefining \cdots on input line 620.
\Mathstrutbox@=\box65
\strutbox@=\box66
\big@size=\dimen288
LaTeX Font Info:    Redeclaring font encoding OML on input line 743.
LaTeX Font Info:    Redeclaring font encoding OMS on input line 744.
\macc@depth=\count320
\c@MaxMatrixCols=\count321
\dotsspace@=\muskip17
\c@parentequation=\count322
\dspbrk@lvl=\count323
\tag@help=\toks33
\row@=\count324
\column@=\count325
\maxfields@=\count326
\andhelp@=\toks34
\eqnshift@=\dimen289
\alignsep@=\dimen290
\tagshift@=\dimen291
\tagwidth@=\dimen292
\totwidth@=\dimen293
\lineht@=\dimen294
\@envbody=\toks35
\multlinegap=\skip83
\multlinetaggap=\skip84
\mathdisplay@stack=\toks36
LaTeX Info: Redefining \[ on input line 2938.
LaTeX Info: Redefining \] on input line 2939.
)
(/Users/sebastiansciarra/Library/TinyTeX/texmf-dist/tex/latex/amsfonts/amssymb.
sty
Package: amssymb 2013/01/14 v3.01 AMS font symbols

(/Users/sebastiansciarra/Library/TinyTeX/texmf-dist/tex/latex/amsfonts/amsfonts
.sty
Package: amsfonts 2013/01/14 v3.01 Basic AMSFonts support
\symAMSa=\mathgroup7
\symAMSb=\mathgroup8
LaTeX Font Info:    Redeclaring math symbol \hbar on input line 98.
LaTeX Font Info:    Overwriting math alphabet `\mathfrak' in version `bold'
(Font)                  U/euf/m/n --> U/euf/b/n on input line 106.
)) (/Users/sebastiansciarra/Library/TinyTeX/texmf-dist/tex/latex/base/fontenc.s
ty
Package: fontenc 2021/04/29 v2.0v Standard LaTeX package
)
(/Users/sebastiansciarra/Library/TinyTeX/texmf-dist/tex/latex/base/inputenc.sty
Package: inputenc 2021/02/14 v1.3d Input encoding file
\inpenc@prehook=\toks37
\inpenc@posthook=\toks38
)
(/Users/sebastiansciarra/Library/TinyTeX/texmf-dist/tex/latex/base/textcomp.sty
Package: textcomp 2020/02/02 v2.0n Standard LaTeX package
)
\cslhangindent=\skip85
\csllabelwidth=\skip86
\cslentryspacingunit=\skip87
(/Users/sebastiansciarra/Library/TinyTeX/texmf-dist/tex/latex/was/upgreek.sty
Package: upgreek 2003/02/12 v2.0 (WaS)
Package upgreek Info: Using Euler Roman for upright Greek on input line 31.
\symugrf@m=\mathgroup9
LaTeX Font Info:    Overwriting symbol font `ugrf@m' in version `bold'
(Font)                  U/eur/m/n --> U/eur/b/n on input line 38.
)
(/Users/sebastiansciarra/Library/TinyTeX/texmf-dist/tex/latex/tools/longtable.s
ty
Package: longtable 2021-09-01 v4.17 Multi-page Table package (DPC)
\LTleft=\skip88
\LTright=\skip89
\LTpre=\skip90
\LTpost=\skip91
\LTchunksize=\count327
\LTcapwidth=\dimen295
\LT@head=\box67
\LT@firsthead=\box68
\LT@foot=\box69
\LT@lastfoot=\box70
\LT@gbox=\box71
\LT@cols=\count328
\LT@rows=\count329
\c@LT@tables=\count330
\c@LT@chunks=\count331
\LT@p@ftn=\toks39
)
(/Users/sebastiansciarra/Library/TinyTeX/texmf-dist/tex/latex/graphics/lscape.s
ty
Package: lscape 2020/05/28 v3.02 Landscape Pages (DPC)
)
(/Users/sebastiansciarra/Library/TinyTeX/texmf-dist/tex/latex/multirow/multirow
.sty
Package: multirow 2021/03/15 v2.8 Span multiple rows of a table
\multirow@colwidth=\skip92
\multirow@cntb=\count332
\multirow@dima=\skip93
\bigstrutjot=\dimen296
)
(/Users/sebastiansciarra/Library/TinyTeX/texmf-dist/tex/latex/tools/tabularx.st
y
Package: tabularx 2020/01/15 v2.11c `tabularx' package (DPC)
(/Users/sebastiansciarra/Library/TinyTeX/texmf-dist/tex/latex/tools/array.sty
Package: array 2021/10/04 v2.5f Tabular extension package (FMi)
\col@sep=\dimen297
\ar@mcellbox=\box72
\extrarowheight=\dimen298
\NC@list=\toks40
\extratabsurround=\skip94
\backup@length=\skip95
\ar@cellbox=\box73
)
\TX@col@width=\dimen299
\TX@old@table=\dimen300
\TX@old@col=\dimen301
\TX@target=\dimen302
\TX@delta=\dimen303
\TX@cols=\count333
\TX@ftn=\toks41
)
(/Users/sebastiansciarra/Library/TinyTeX/texmf-dist/tex/latex/threeparttablex/t
hreeparttablex.sty
Package: threeparttablex 2013/07/23 v0.3 by daleif

(/Users/sebastiansciarra/Library/TinyTeX/texmf-dist/tex/latex/environ/environ.s
ty
Package: environ 2014/05/04 v0.3 A new way to define environments

(/Users/sebastiansciarra/Library/TinyTeX/texmf-dist/tex/latex/trimspaces/trimsp
aces.sty
Package: trimspaces 2009/09/17 v1.1 Trim spaces around a token list
))
\TPTL@width=\skip96
)
\longtablewidth=\skip97
Failed to patch abstract.
Failed to patch title.

(/Users/sebastiansciarra/Library/TinyTeX/texmf-dist/tex/latex/lineno/lineno.sty
Package: lineno 2005/11/02 line numbers on paragraphs v4.41
\linenopenalty=\count334
\output=\toks42
\linenoprevgraf=\count335
\linenumbersep=\dimen304
\linenumberwidth=\dimen305
\c@linenumber=\count336
\c@pagewiselinenumber=\count337
\c@LN@truepage=\count338
\c@internallinenumber=\count339
\c@internallinenumbers=\count340
\quotelinenumbersep=\dimen306
\bframerule=\dimen307
\bframesep=\dimen308
\bframebox=\box74
LaTeX Info: Redefining \\ on input line 3056.
)
(/Users/sebastiansciarra/Library/TinyTeX/texmf-dist/tex/latex/csquotes/csquotes
.sty
Package: csquotes 2021-02-22 v5.2l context-sensitive quotations (JAW)
\csq@reset=\count341
\csq@gtype=\count342
\csq@glevel=\count343
\csq@qlevel=\count344
\csq@maxlvl=\count345
\csq@tshold=\count346
\csq@ltx@everypar=\toks43

(/Users/sebastiansciarra/Library/TinyTeX/texmf-dist/tex/latex/csquotes/csquotes
.def
File: csquotes.def 2021-02-22 v5.2l csquotes generic definitions (JAW)
)
Package csquotes Info: Trying to load configuration file 'csquotes.cfg'...
Package csquotes Info: ... configuration file loaded successfully.

(/Users/sebastiansciarra/Library/TinyTeX/texmf-dist/tex/latex/csquotes/csquotes
.cfg
File: csquotes.cfg 
))
(/Users/sebastiansciarra/Library/TinyTeX/texmf-dist/tex/latex/ncctools/nccmath.
sty
Package: nccmath 2006/01/20 v1.3 Additional Math Commands (NCC)
\NCC@fracrulewidth=\dimen309
)
(/Users/sebastiansciarra/Library/TinyTeX/texmf-dist/tex/latex/setspace/setspace
.sty
Package: setspace 2011/12/19 v6.7a set line spacing
)
(/Users/sebastiansciarra/Library/TinyTeX/texmf-dist/tex/latex/wrapfig/wrapfig.s
ty
\wrapoverhang=\dimen310
\WF@size=\dimen311
\c@WF@wrappedlines=\count347
\WF@box=\box75
\WF@everypar=\toks44
Package: wrapfig 2003/01/31  v 3.6
)
(/Users/sebastiansciarra/Library/TinyTeX/texmf-dist/tex/latex/colortbl/colortbl
.sty
Package: colortbl 2020/01/04 v1.0e Color table columns (DPC)
\everycr=\toks45
\minrowclearance=\skip98
)
(/Users/sebastiansciarra/Library/TinyTeX/texmf-dist/tex/latex/pdflscape/pdflsca
pe.sty
Package: pdflscape 2019/12/05 v0.12 Display of landscape pages in PDF (HO)
Package pdflscape Info: Auto-detected driver: pdftex on input line 81.
) (/Users/sebastiansciarra/Library/TinyTeX/texmf-dist/tex/latex/tabu/tabu.sty
Package: tabu 2019/01/11 v2.9 - flexible LaTeX tabulars (FC+tabu-fixed)

(/Users/sebastiansciarra/Library/TinyTeX/texmf-dist/tex/latex/varwidth/varwidth
.sty
Package: varwidth 2009/03/30 ver 0.92;  Variable-width minipages
\@vwid@box=\box76
\sift@deathcycles=\count348
\@vwid@loff=\dimen312
\@vwid@roff=\dimen313
)
\c@taburow=\count349
\tabu@nbcols=\count350
\tabu@cnt=\count351
\tabu@Xcol=\count352
\tabu@alloc=\count353
\tabu@nested=\count354
\tabu@target=\dimen314
\tabu@spreadtarget=\dimen315
\tabu@naturalX=\dimen316
\tabucolX=\dimen317
\tabu@Xsum=\dimen318
\extrarowdepth=\dimen319
\abovetabulinesep=\dimen320
\belowtabulinesep=\dimen321
\tabustrutrule=\dimen322
\tabu@thebody=\toks46
\tabu@footnotes=\toks47
\tabu@box=\box77
\tabu@arstrutbox=\box78
\tabu@hleads=\box79
\tabu@vleads=\box80
\tabu@cellskip=\skip99
) (/Users/sebastiansciarra/Library/TinyTeX/texmf-dist/tex/generic/ulem/ulem.sty
\UL@box=\box81
\UL@hyphenbox=\box82
\UL@skip=\skip100
\UL@hook=\toks48
\UL@height=\dimen323
\UL@pe=\count355
\UL@pixel=\dimen324
\ULC@box=\box83
Package: ulem 2019/11/18
\ULdepth=\dimen325
)
(/Users/sebastiansciarra/Library/TinyTeX/texmf-dist/tex/latex/makecell/makecell
.sty
Package: makecell 2009/08/03 V0.1e Managing of Tab Column Heads and Cells
\rotheadsize=\dimen326
\c@nlinenum=\count356
\TeXr@lab=\toks49
)
(/Users/sebastiansciarra/Library/TinyTeX/texmf-dist/tex/latex/amscls/amsthm.sty
Package: amsthm 2020/05/29 v2.20.6
\thm@style=\toks50
\thm@bodyfont=\toks51
\thm@headfont=\toks52
\thm@notefont=\toks53
\thm@headpunct=\toks54
\thm@preskip=\skip101
\thm@postskip=\skip102
\thm@headsep=\skip103
\dth@everypar=\toks55
)
(/Users/sebastiansciarra/Library/TinyTeX/texmf-dist/tex/latex/caption/subcaptio
n.sty
Package: subcaption 2022/01/07 v1.5 Sub-captions (AR)
\c@subfigure=\count357
\c@subtable=\count358
)
(/Users/sebastiansciarra/Library/TinyTeX/texmf-dist/tex/generic/babel/babel.sty
Package: babel 2022/02/26 3.73 The Babel package
\babel@savecnt=\count359
\U@D=\dimen327
\l@unhyphenated=\language3

(/Users/sebastiansciarra/Library/TinyTeX/texmf-dist/tex/generic/babel/txtbabel.
def)
\bbl@readstream=\read3
\bbl@dirlevel=\count360
Package babel Info: Main language set with 'main='. Except if you have
(babel)             problems, prefer the default mechanism for setting
(babel)             the main language. Reported on input line 4219.

(/Users/sebastiansciarra/Library/TinyTeX/texmf-dist/tex/generic/babel-english/e
nglish.ldf
Language: english 2017/06/06 v3.3r English support from the babel system
Package babel Info: Hyphen rules for 'british' set to \l@english
(babel)             (\language0). Reported on input line 82.
Package babel Info: Hyphen rules for 'UKenglish' set to \l@english
(babel)             (\language0). Reported on input line 83.
Package babel Info: Hyphen rules for 'canadian' set to \l@english
(babel)             (\language0). Reported on input line 102.
Package babel Info: Hyphen rules for 'australian' set to \l@english
(babel)             (\language0). Reported on input line 105.
Package babel Info: Hyphen rules for 'newzealand' set to \l@english
(babel)             (\language0). Reported on input line 108.
))

Class apa7 Warning: Deprecated: see documentation for \authorsaffiliations on i
nput line 217.

\c@NumberOfAffiliations=\count361
Package csquotes Info: Checking for multilingual support...
Package csquotes Info: ... found 'babel' package.
Package csquotes Info: Adjusting default style.
Package csquotes Info: Redefining alias 'default' -> 'english'.

(/Users/sebastiansciarra/Library/TinyTeX/texmf-dist/tex/latex/l3backend/l3backe
nd-pdftex.def
File: l3backend-pdftex.def 2022-02-07 L3 backend support: PDF output (pdfTeX)
\l__color_backend_stack_int=\count362
\l__pdf_internal_box=\box84
) (./sample_writeup.aux)
\openout1 = `sample_writeup.aux'.

LaTeX Font Info:    Checking defaults for OML/cmm/m/it on input line 219.
LaTeX Font Info:    ... okay on input line 219.
LaTeX Font Info:    Checking defaults for OMS/cmsy/m/n on input line 219.
LaTeX Font Info:    ... okay on input line 219.
LaTeX Font Info:    Checking defaults for OT1/cmr/m/n on input line 219.
LaTeX Font Info:    ... okay on input line 219.
LaTeX Font Info:    Checking defaults for T1/cmr/m/n on input line 219.
LaTeX Font Info:    ... okay on input line 219.
LaTeX Font Info:    Checking defaults for TS1/cmr/m/n on input line 219.
LaTeX Font Info:    ... okay on input line 219.
LaTeX Font Info:    Checking defaults for OMX/cmex/m/n on input line 219.
LaTeX Font Info:    ... okay on input line 219.
LaTeX Font Info:    Checking defaults for U/cmr/m/n on input line 219.
LaTeX Font Info:    ... okay on input line 219.
LaTeX Font Info:    Checking defaults for PD1/pdf/m/n on input line 219.
LaTeX Font Info:    ... okay on input line 219.
LaTeX Font Info:    Checking defaults for PU/pdf/m/n on input line 219.
LaTeX Font Info:    ... okay on input line 219.
*geometry* driver: auto-detecting
*geometry* detected driver: pdftex
*geometry* verbose mode - [ preamble ] result:
* driver: pdftex
* paper: <default>
* layout: <same size as paper>
* layoutoffset:(h,v)=(0.0pt,0.0pt)
* modes: twoside 
* h-part:(L,W,R)=(72.26999pt, 469.75502pt, 72.26999pt)
* v-part:(T,H,B)=(72.26999pt, 650.43001pt, 72.26999pt)
* \paperwidth=614.295pt
* \paperheight=794.96999pt
* \textwidth=469.75502pt
* \textheight=650.43001pt
* \oddsidemargin=0.0pt
* \evensidemargin=0.0pt
* \topmargin=-37.0pt
* \headheight=15.2pt
* \headsep=25.0pt
* \topskip=12.0pt
* \footskip=30.0pt
* \marginparwidth=95.0pt
* \marginparsep=10.0pt
* \columnsep=10.0pt
* \skip\footins=10.8pt plus 4.0pt minus 2.0pt
* \hoffset=0.0pt
* \voffset=0.0pt
* \mag=1000
* \@twocolumnfalse
* \@twosidetrue
* \@mparswitchtrue
* \@reversemarginfalse
* (1in=72.27pt=25.4mm, 1cm=28.453pt)


(/Users/sebastiansciarra/Library/TinyTeX/texmf-dist/tex/latex/epstopdf-pkg/epst
opdf-base.sty
Package: epstopdf-base 2020-01-24 v2.11 Base part for package epstopdf

(/Users/sebastiansciarra/Library/TinyTeX/texmf-dist/tex/latex/grfext/grfext.sty
Package: grfext 2019/12/03 v1.3 Manage graphics extensions (HO)
)
Package epstopdf-base Info: Redefining graphics rule for `.eps' on input line 4
85.
Package grfext Info: Graphics extension search list:
(grfext)             [.pdf,.png,.jpg,.mps,.jpeg,.jbig2,.jb2,.PDF,.PNG,.JPG,.JPE
G,.JBIG2,.JB2,.eps]
(grfext)             \AppendGraphicsExtensions on input line 504.

(/Users/sebastiansciarra/Library/TinyTeX/texmf-dist/tex/latex/latexconfig/epsto
pdf-sys.cfg
File: epstopdf-sys.cfg 2010/07/13 v1.3 Configuration of (r)epstopdf for TeX Liv
e
))
Package hyperref Info: Link coloring OFF on input line 219.

(/Users/sebastiansciarra/Library/TinyTeX/texmf-dist/tex/latex/hyperref/nameref.
sty
Package: nameref 2021-04-02 v2.47 Cross-referencing by name of section

(/Users/sebastiansciarra/Library/TinyTeX/texmf-dist/tex/latex/refcount/refcount
.sty
Package: refcount 2019/12/15 v3.6 Data extraction from label references (HO)
)
(/Users/sebastiansciarra/Library/TinyTeX/texmf-dist/tex/generic/gettitlestring/
gettitlestring.sty
Package: gettitlestring 2019/12/15 v1.6 Cleanup title references (HO)
)
\c@section@level=\count363
)
LaTeX Info: Redefining \ref on input line 219.
LaTeX Info: Redefining \pageref on input line 219.
LaTeX Info: Redefining \nameref on input line 219.
(./sample_writeup.out) (./sample_writeup.out)
\@outlinefile=\write6
\openout6 = `sample_writeup.out'.


(/Users/sebastiansciarra/Library/TinyTeX/texmf-dist/tex/latex/apa7/config/APA7e
nglish.txt
File: APA7english.txt 2020/12/02 v1.02 apa7 configuration for non-American Engl
ish
)
Package caption Info: Begin \AtBeginDocument code.
Package caption Info: float package is loaded.
Package caption Info: longtable package is loaded.

(/Users/sebastiansciarra/Library/TinyTeX/texmf-dist/tex/latex/caption/ltcaption
.sty
Package: ltcaption 2021/01/08 v1.4c longtable captions (AR)
)
Package caption Info: wrapfig package is loaded.
Package caption Info: End \AtBeginDocument code.

Class apa7 Warning: Abstract not defined.

LaTeX Font Info:    Trying to load font information for T1+lmss on input line 2
20.
(/Users/sebastiansciarra/Library/TinyTeX/texmf-dist/tex/latex/lm/t1lmss.fd
File: t1lmss.fd 2015/05/01 v1.6.1 Font defs for Latin Modern
)
LaTeX Font Info:    Trying to load font information for OT1+lmr on input line 2
20.
(/Users/sebastiansciarra/Library/TinyTeX/texmf-dist/tex/latex/lm/ot1lmr.fd
File: ot1lmr.fd 2015/05/01 v1.6.1 Font defs for Latin Modern
)
LaTeX Font Info:    Trying to load font information for OML+lmm on input line 2
20.
(/Users/sebastiansciarra/Library/TinyTeX/texmf-dist/tex/latex/lm/omllmm.fd
File: omllmm.fd 2015/05/01 v1.6.1 Font defs for Latin Modern
)
LaTeX Font Info:    Trying to load font information for OMS+lmsy on input line 
220.
(/Users/sebastiansciarra/Library/TinyTeX/texmf-dist/tex/latex/lm/omslmsy.fd
File: omslmsy.fd 2015/05/01 v1.6.1 Font defs for Latin Modern
)
LaTeX Font Info:    Trying to load font information for OMX+lmex on input line 
220.
(/Users/sebastiansciarra/Library/TinyTeX/texmf-dist/tex/latex/lm/omxlmex.fd
File: omxlmex.fd 2015/05/01 v1.6.1 Font defs for Latin Modern
)
LaTeX Font Info:    External font `lmex10' loaded for size
(Font)              <12> on input line 220.
LaTeX Font Info:    External font `lmex10' loaded for size
(Font)              <8> on input line 220.
LaTeX Font Info:    External font `lmex10' loaded for size
(Font)              <6> on input line 220.
LaTeX Font Info:    Trying to load font information for U+msa on input line 220
.
(/Users/sebastiansciarra/Library/TinyTeX/texmf-dist/tex/latex/amsfonts/umsa.fd
File: umsa.fd 2013/01/14 v3.01 AMS symbols A
)
LaTeX Font Info:    Trying to load font information for U+msb on input line 220
.
(/Users/sebastiansciarra/Library/TinyTeX/texmf-dist/tex/latex/amsfonts/umsb.fd
File: umsb.fd 2013/01/14 v3.01 AMS symbols B
) [1{/Users/sebastiansciarra/Library/TinyTeX/texmf-var/fonts/map/pdftex/updmap/
pdftex.map}

] [2] [3]
LaTeX Font Info:    Trying to load font information for TS1+lmr on input line 2
50.
(/Users/sebastiansciarra/Library/TinyTeX/texmf-dist/tex/latex/lm/ts1lmr.fd
File: ts1lmr.fd 2015/05/01 v1.6.1 Font defs for Latin Modern
)
LaTeX Font Info:    External font `lmex10' loaded for size
(Font)              <10> on input line 283.
LaTeX Font Info:    External font `lmex10' loaded for size
(Font)              <7> on input line 283.
LaTeX Font Info:    External font `lmex10' loaded for size
(Font)              <5> on input line 283.
[4]
LaTeX Font Info:    Trying to load font information for T1+phv on input line 30
2.
(/Users/sebastiansciarra/Library/TinyTeX/texmf-dist/tex/latex/psnfss/t1phv.fd
File: t1phv.fd 2020/03/25 scalable font definitions for T1/phv.
)
LaTeX Font Info:    Font shape `T1/phv/m/it' in size <10> not available
(Font)              Font shape `T1/phv/m/sl' tried instead on input line 302.
<Figures/combined_plot.pdf, id=198, 1300.86pt x 867.24pt>
File: Figures/combined_plot.pdf Graphic file (type pdf)
<use Figures/combined_plot.pdf>
Package pdftex.def Info: Figures/combined_plot.pdf  used on input line 304.
(pdftex.def)             Requested size: 469.75827pt x 313.17218pt.

Underfull \hbox (badness 10000) in paragraph at lines 304--306

 []

[5]

LaTeX Warning: Reference `fig:beta-variability-example' on page 6 undefined on 
input line 315.

[6 <./Figures/combined_plot.pdf>]
<Figures/beta_fixed_Equal_5_30.pdf, id=226, 650.43pt x 433.62pt>
File: Figures/beta_fixed_Equal_5_30.pdf Graphic file (type pdf)
<use Figures/beta_fixed_Equal_5_30.pdf>
Package pdftex.def Info: Figures/beta_fixed_Equal_5_30.pdf  used on input line 
339.
(pdftex.def)             Requested size: 341.43124pt x 227.62082pt.
<Figures/density_to_param_plot.png, id=227, 527.9725pt x 923.45pt>
File: Figures/density_to_param_plot.png Graphic file (type png)
<use Figures/density_to_param_plot.png>
Package pdftex.def Info: Figures/density_to_param_plot.png  used on input line 
346.
(pdftex.def)             Requested size: 284.52086pt x 497.64104pt.
[7]
<Figures/logistic_results_plot.png, id=241, 469.755pt x 611.28375pt>
File: Figures/logistic_results_plot.png Graphic file (type png)
<use Figures/logistic_results_plot.png>
Package pdftex.def Info: Figures/logistic_results_plot.png  used on input line 
377.
(pdftex.def)             Requested size: 426.78961pt x 555.37366pt.
[8 <./Figures/beta_fixed_Equal_5_30.pdf>] [9 <./Figures/density_to_param_plot.p
ng>]
Overfull \vbox (32.83867pt too high) has occurred while \output is active []

[10 <./Figures/logistic_results_plot.png>]
<Figures/param_estimation_ex.png, id=266, 398.48875pt x 369.38pt>
File: Figures/param_estimation_ex.png Graphic file (type png)
<use Figures/param_estimation_ex.png>
Package pdftex.def Info: Figures/param_estimation_ex.png  used on input line 38
9.
(pdftex.def)             Requested size: 426.81047pt x 395.63286pt.
[11] [12 <./Figures/param_estimation_ex.png>]
<Figures/exp1_plot_days_equal spacing.pdf, id=283, 2728.1925pt x 2544.50626pt>
File: Figures/exp1_plot_days_equal spacing.pdf Graphic file (type pdf)
<use Figures/exp1_plot_days_equal spacing.pdf>
Package pdftex.def Info: Figures/exp1_plot_days_equal spacing.pdf  used on inpu
t line 433.
(pdftex.def)             Requested size: 469.73952pt x 438.11246pt.

Underfull \hbox (badness 10000) in paragraph at lines 433--434
[][]
 []


Underfull \hbox (badness 10000) in paragraph at lines 433--434

 []

[13] [14 <./Figures/exp1_plot_days_equal spacing.pdf>]
<Figures/exp1_plot_days_time-interval increasing.pdf, id=310, 2728.1925pt x 254
4.50626pt>
File: Figures/exp1_plot_days_time-interval increasing.pdf Graphic file (type pd
f)
<use Figures/exp1_plot_days_time-interval increasing.pdf>
Package pdftex.def Info: Figures/exp1_plot_days_time-interval increasing.pdf  u
sed on input line 479.
(pdftex.def)             Requested size: 469.73952pt x 438.11246pt.

Underfull \hbox (badness 10000) in paragraph at lines 479--480
[][]
 []


Underfull \hbox (badness 10000) in paragraph at lines 479--480

 []

[15] [16 <./Figures/exp1_plot_days_time-interval increasing.pdf>]
<Figures/exp1_plot_days_time-interval decreasing.pdf, id=337, 2728.1925pt x 254
4.50626pt>
File: Figures/exp1_plot_days_time-interval decreasing.pdf Graphic file (type pd
f)
<use Figures/exp1_plot_days_time-interval decreasing.pdf>
Package pdftex.def Info: Figures/exp1_plot_days_time-interval decreasing.pdf  u
sed on input line 524.
(pdftex.def)             Requested size: 469.73952pt x 438.11246pt.

Underfull \hbox (badness 10000) in paragraph at lines 524--525
[][]
 []


Underfull \hbox (badness 10000) in paragraph at lines 524--525

 []

[17] [18 <./Figures/exp1_plot_days_time-interval decreasing.pdf>] [19]
<Figures/exp1_plot_days_middle-and-extreme spacing.pdf, id=369, 2728.1925pt x 2
544.50626pt>
File: Figures/exp1_plot_days_middle-and-extreme spacing.pdf Graphic file (type 
pdf)
<use Figures/exp1_plot_days_middle-and-extreme spacing.pdf>
Package pdftex.def Info: Figures/exp1_plot_days_middle-and-extreme spacing.pdf 
 used on input line 578.
(pdftex.def)             Requested size: 469.73952pt x 438.11246pt.

Underfull \hbox (badness 10000) in paragraph at lines 578--579
[][]
 []


Underfull \hbox (badness 10000) in paragraph at lines 578--579

 []

[20] [21 <./Figures/exp1_plot_days_middle-and-extreme spacing.pdf>] [22]

Package hyperref Warning: Difference (2) between bookmark levels is greater 
(hyperref)                than one, level fixed on input line 605.

[23]
<Figures/exp2_plot_days_equal spacing.pdf, id=408, 2726.185pt x 2544.50626pt>
File: Figures/exp2_plot_days_equal spacing.pdf Graphic file (type pdf)
<use Figures/exp2_plot_days_equal spacing.pdf>
Package pdftex.def Info: Figures/exp2_plot_days_equal spacing.pdf  used on inpu
t line 631.
(pdftex.def)             Requested size: 469.72665pt x 438.42307pt.

Underfull \hbox (badness 10000) in paragraph at lines 631--632
[][]
 []


Underfull \hbox (badness 10000) in paragraph at lines 631--632

 []

[24]
<Figures/density_plots_exp2.pdf, id=415, 2726.185pt x 2245.38875pt>
File: Figures/density_plots_exp2.pdf Graphic file (type pdf)
<use Figures/density_plots_exp2.pdf>
Package pdftex.def Info: Figures/density_plots_exp2.pdf  used on input line 638
.
(pdftex.def)             Requested size: 469.72665pt x 386.88458pt.

Underfull \hbox (badness 10000) in paragraph at lines 638--639
[][]
 []


Underfull \hbox (badness 10000) in paragraph at lines 638--639

 []

[25 <./Figures/exp2_plot_days_equal spacing.pdf>] [26 <./Figures/density_plots_
exp2.pdf>]
<Figures/exp2_plot_days_time-interval increasing.pdf, id=447, 2726.185pt x 2544
.50626pt>
File: Figures/exp2_plot_days_time-interval increasing.pdf Graphic file (type pd
f)
<use Figures/exp2_plot_days_time-interval increasing.pdf>
Package pdftex.def Info: Figures/exp2_plot_days_time-interval increasing.pdf  u
sed on input line 661.
(pdftex.def)             Requested size: 469.72665pt x 438.42307pt.

Underfull \hbox (badness 10000) in paragraph at lines 661--662
[][]
 []


Underfull \hbox (badness 10000) in paragraph at lines 661--662

 []

[27] [28 <./Figures/exp2_plot_days_time-interval increasing.pdf>]
<Figures/exp2_plot_days_time-interval decreasing.pdf, id=470, 2726.185pt x 2544
.50626pt>
File: Figures/exp2_plot_days_time-interval decreasing.pdf Graphic file (type pd
f)
<use Figures/exp2_plot_days_time-interval decreasing.pdf>
Package pdftex.def Info: Figures/exp2_plot_days_time-interval decreasing.pdf  u
sed on input line 684.
(pdftex.def)             Requested size: 469.72665pt x 438.42307pt.

Underfull \hbox (badness 10000) in paragraph at lines 684--685
[][]
 []


Underfull \hbox (badness 10000) in paragraph at lines 684--685

 []

[29] [30 <./Figures/exp2_plot_days_time-interval decreasing.pdf>]
<Figures/exp2_plot_days_middle-and-extreme spacing.pdf, id=494, 2726.185pt x 25
44.50626pt>
File: Figures/exp2_plot_days_middle-and-extreme spacing.pdf Graphic file (type 
pdf)
<use Figures/exp2_plot_days_middle-and-extreme spacing.pdf>
Package pdftex.def Info: Figures/exp2_plot_days_middle-and-extreme spacing.pdf 
 used on input line 708.
(pdftex.def)             Requested size: 469.72665pt x 438.42307pt.

Underfull \hbox (badness 10000) in paragraph at lines 708--709
[][]
 []


Underfull \hbox (badness 10000) in paragraph at lines 708--709

 []

[31] [32 <./Figures/exp2_plot_days_middle-and-extreme spacing.pdf>] [33] [34]
<Figures/exp3_plot_days_time_structured.pdf, id=534, 2726.185pt x 2544.50626pt>

File: Figures/exp3_plot_days_time_structured.pdf Graphic file (type pdf)
<use Figures/exp3_plot_days_time_structured.pdf>
Package pdftex.def Info: Figures/exp3_plot_days_time_structured.pdf  used on in
put line 758.
(pdftex.def)             Requested size: 469.72665pt x 438.42307pt.

Underfull \hbox (badness 10000) in paragraph at lines 758--759
[][]
 []


Underfull \hbox (badness 10000) in paragraph at lines 758--759

 []


LaTeX Warning: Reference `tab:exp3-alpha-theta-param-est' on page 35 undefined 
on input line 759.

[35] [36 <./Figures/exp3_plot_days_time_structured.pdf>] [37]
<Figures/exp3_plot_days_fast_response.pdf, id=564, 2726.185pt x 2544.50626pt>
File: Figures/exp3_plot_days_fast_response.pdf Graphic file (type pdf)
<use Figures/exp3_plot_days_fast_response.pdf>
Package pdftex.def Info: Figures/exp3_plot_days_fast_response.pdf  used on inpu
t line 780.
(pdftex.def)             Requested size: 469.72665pt x 438.42307pt.

Underfull \hbox (badness 10000) in paragraph at lines 780--781
[][]
 []


Underfull \hbox (badness 10000) in paragraph at lines 780--781

 []


LaTeX Warning: Reference `tab:exp3-alpha-theta-param-est' on page 38 undefined 
on input line 781.

[38 <./Figures/exp3_plot_days_fast_response.pdf>] [39]
<Figures/exp3_plot_days_slow_response.pdf, id=586, 2726.185pt x 2544.50626pt>
File: Figures/exp3_plot_days_slow_response.pdf Graphic file (type pdf)
<use Figures/exp3_plot_days_slow_response.pdf>
Package pdftex.def Info: Figures/exp3_plot_days_slow_response.pdf  used on inpu
t line 803.
(pdftex.def)             Requested size: 469.72665pt x 438.42307pt.

Underfull \hbox (badness 10000) in paragraph at lines 803--804
[][]
 []


Underfull \hbox (badness 10000) in paragraph at lines 803--804

 []


LaTeX Warning: Reference `tab:exp3-alpha-theta-param-est' on page 40 undefined 
on input line 804.

[40]
<Figures/exp2_summary_plot.pdf, id=591, 2693.06125pt x 2472.23625pt>
File: Figures/exp2_summary_plot.pdf Graphic file (type pdf)
<use Figures/exp2_summary_plot.pdf>
Package pdftex.def Info: Figures/exp2_summary_plot.pdf  used on input line 813.

(pdftex.def)             Requested size: 469.73126pt x 431.21436pt.

Underfull \hbox (badness 10000) in paragraph at lines 813--814
[][]
 []


Underfull \hbox (badness 10000) in paragraph at lines 813--814

 []

[41 <./Figures/exp3_plot_days_slow_response.pdf>] [42 <./Figures/exp2_summary_p
lot.pdf>] [43]
LaTeX Font Info:    Trying to load font information for T1+lmtt on input line 8
25.
(/Users/sebastiansciarra/Library/TinyTeX/texmf-dist/tex/latex/lm/t1lmtt.fd
File: t1lmtt.fd 2015/05/01 v1.6.1 Font defs for Latin Modern
) [44] [45]
Overfull \hbox (42.77023pt too wide) in paragraph at lines 908--908
[]\T1/lmtt/m/n/12 ##    number_measurements measurement_spaci~ midpoint mean_pe
rc_error mean_lower_ci[] 
 []


Overfull \hbox (42.77023pt too wide) in paragraph at lines 908--908
[]\T1/lmtt/m/n/12 ##    <fct>               <fct>              <fct>           
   <dbl>         <dbl>[] 
 []


Overfull \hbox (42.76323pt too wide) in paragraph at lines 908--908
[]\T1/lmtt/m/n/12 ##  1 5                   Equal              80              
  -10.4          -365.[] 
 []


Overfull \hbox (42.76323pt too wide) in paragraph at lines 908--908
[]\T1/lmtt/m/n/12 ##  2 5                   Equal              180             
  -10.6          -258.[] 
 []


Overfull \hbox (42.76323pt too wide) in paragraph at lines 908--908
[]\T1/lmtt/m/n/12 ##  3 5                   Equal              280             
  -10.6          -387.[] 
 []


Overfull \hbox (42.77023pt too wide) in paragraph at lines 908--908
[]\T1/lmtt/m/n/12 ##  4 5                   bold(B:~`Time-Int~ 80              
   -3.15          420.[] 
 []


Overfull \hbox (42.77023pt too wide) in paragraph at lines 908--908
[]\T1/lmtt/m/n/12 ##  5 5                   bold(B:~`Time-Int~ 180             
   -3.14         -222.[] 
 []


Overfull \hbox (42.76323pt too wide) in paragraph at lines 908--908
[]\T1/lmtt/m/n/12 ##  6 5                   bold(B:~`Time-Int~ 280             
   -2.71         -884.[] 
 []


Overfull \hbox (42.76323pt too wide) in paragraph at lines 908--908
[]\T1/lmtt/m/n/12 ##  7 5                   Time-interval dec~ 80              
   -2.75         -653.[] 
 []


Overfull \hbox (42.77023pt too wide) in paragraph at lines 908--908
[]\T1/lmtt/m/n/12 ##  8 5                   Time-interval dec~ 180             
   -3.08         -254.[] 
 []


Overfull \hbox (42.76323pt too wide) in paragraph at lines 908--908
[]\T1/lmtt/m/n/12 ##  9 5                   Time-interval dec~ 280             
   -2.81          454.[] 
 []


Overfull \hbox (42.74922pt too wide) in paragraph at lines 908--908
[]\T1/lmtt/m/n/12 ## 10 5                   Middle-and-extreme 80              
   -6.42         -686.[] 
 []

[46] [47] [48]
Overfull \hbox (16.53192pt too wide) in paragraph at lines 972--972
\T1/lmr/m/n/12 Interval` Increasing)|  
 []

[49]
Overfull \hbox (16.53192pt too wide) in paragraph at lines 1022--1022
\T1/lmr/m/n/12 Interval` Increasing)|  
 []

[50] [51]
*geometry* verbose mode - [ newgeometry ] result:
* driver: pdftex
* paper: <default>
* layout: <same size as paper>
* layoutoffset:(h,v)=(0.0pt,0.0pt)
* modes: twoside 
* h-part:(L,W,R)=(28.45274pt, 557.38951pt, 28.45274pt)
* v-part:(T,H,B)=(28.45274pt, 738.0645pt, 28.45274pt)
* \paperwidth=614.295pt
* \paperheight=794.96999pt
* \textwidth=557.38951pt
* \textheight=738.0645pt
* \oddsidemargin=-43.81725pt
* \evensidemargin=-43.81725pt
* \topmargin=-84.01724pt
* \headheight=15.2pt
* \headsep=25.0pt
* \topskip=12.0pt
* \footskip=30.0pt
* \marginparwidth=95.0pt
* \marginparsep=10.0pt
* \columnsep=10.0pt
* \skip\footins=10.8pt plus 4.0pt minus 2.0pt
* \hoffset=0.0pt
* \voffset=0.0pt
* \mag=1000
* \@twocolumnfalse
* \@twosidetrue
* \@mparswitchtrue
* \@reversemarginfalse
* (1in=72.27pt=25.4mm, 1cm=28.453pt)

[52


] [53]
*geometry* verbose mode - [ newgeometry ] result:
* driver: pdftex
* paper: <default>
* layout: <same size as paper>
* layoutoffset:(h,v)=(0.0pt,0.0pt)
* modes: twoside 
* h-part:(L,W,R)=(28.45274pt, 557.38951pt, 28.45274pt)
* v-part:(T,H,B)=(28.45274pt, 738.0645pt, 28.45274pt)
* \paperwidth=614.295pt
* \paperheight=794.96999pt
* \textwidth=557.38951pt
* \textheight=738.0645pt
* \oddsidemargin=-43.81725pt
* \evensidemargin=-43.81725pt
* \topmargin=-84.01724pt
* \headheight=15.2pt
* \headsep=25.0pt
* \topskip=12.0pt
* \footskip=30.0pt
* \marginparwidth=95.0pt
* \marginparsep=10.0pt
* \columnsep=10.0pt
* \skip\footins=10.8pt plus 4.0pt minus 2.0pt
* \hoffset=0.0pt
* \voffset=0.0pt
* \mag=1000
* \@twocolumnfalse
* \@twosidetrue
* \@mparswitchtrue
* \@reversemarginfalse
* (1in=72.27pt=25.4mm, 1cm=28.453pt)

pdfTeX warning (ext4): destination with the same identifier (name{table.4}) has
 been already used, duplicate ignored
<to be read again> 
                   \relax 
l.1156 ...right\arraybackslash}p{3cm}cccccccccccc}
                                                   [54




] [55]
*geometry* verbose mode - [ newgeometry ] result:
* driver: pdftex
* paper: <default>
* layout: <same size as paper>
* layoutoffset:(h,v)=(0.0pt,0.0pt)
* modes: twoside 
* h-part:(L,W,R)=(28.45274pt, 557.38951pt, 28.45274pt)
* v-part:(T,H,B)=(28.45274pt, 738.0645pt, 28.45274pt)
* \paperwidth=614.295pt
* \paperheight=794.96999pt
* \textwidth=557.38951pt
* \textheight=738.0645pt
* \oddsidemargin=-43.81725pt
* \evensidemargin=-43.81725pt
* \topmargin=-84.01724pt
* \headheight=15.2pt
* \headsep=25.0pt
* \topskip=12.0pt
* \footskip=30.0pt
* \marginparwidth=95.0pt
* \marginparsep=10.0pt
* \columnsep=10.0pt
* \skip\footins=10.8pt plus 4.0pt minus 2.0pt
* \hoffset=0.0pt
* \voffset=0.0pt
* \mag=1000
* \@twocolumnfalse
* \@twosidetrue
* \@mparswitchtrue
* \@reversemarginfalse
* (1in=72.27pt=25.4mm, 1cm=28.453pt)

pdfTeX warning (ext4): destination with the same identifier (name{table.4}) has
 been already used, duplicate ignored
<to be read again> 
                   \relax 
l.1210 ...>{\raggedright\arraybackslash}p{3cm}ccc}
                                                   [56




] [57] [58


]
*geometry* verbose mode - [ newgeometry ] result:
* driver: pdftex
* paper: <default>
* layout: <same size as paper>
* layoutoffset:(h,v)=(0.0pt,0.0pt)
* modes: twoside 
* h-part:(L,W,R)=(28.45274pt, 557.38951pt, 28.45274pt)
* v-part:(T,H,B)=(28.45274pt, 738.0645pt, 28.45274pt)
* \paperwidth=614.295pt
* \paperheight=794.96999pt
* \textwidth=557.38951pt
* \textheight=738.0645pt
* \oddsidemargin=-43.81725pt
* \evensidemargin=-43.81725pt
* \topmargin=-84.01724pt
* \headheight=15.2pt
* \headsep=25.0pt
* \topskip=12.0pt
* \footskip=30.0pt
* \marginparwidth=95.0pt
* \marginparsep=10.0pt
* \columnsep=10.0pt
* \skip\footins=10.8pt plus 4.0pt minus 2.0pt
* \hoffset=0.0pt
* \voffset=0.0pt
* \mag=1000
* \@twocolumnfalse
* \@twosidetrue
* \@mparswitchtrue
* \@reversemarginfalse
* (1in=72.27pt=25.4mm, 1cm=28.453pt)

[59


] [60]
*geometry* verbose mode - [ newgeometry ] result:
* driver: pdftex
* paper: <default>
* layout: <same size as paper>
* layoutoffset:(h,v)=(0.0pt,0.0pt)
* modes: twoside 
* h-part:(L,W,R)=(28.45274pt, 557.38951pt, 28.45274pt)
* v-part:(T,H,B)=(28.45274pt, 738.0645pt, 28.45274pt)
* \paperwidth=614.295pt
* \paperheight=794.96999pt
* \textwidth=557.38951pt
* \textheight=738.0645pt
* \oddsidemargin=-43.81725pt
* \evensidemargin=-43.81725pt
* \topmargin=-84.01724pt
* \headheight=15.2pt
* \headsep=25.0pt
* \topskip=12.0pt
* \footskip=30.0pt
* \marginparwidth=95.0pt
* \marginparsep=10.0pt
* \columnsep=10.0pt
* \skip\footins=10.8pt plus 4.0pt minus 2.0pt
* \hoffset=0.0pt
* \voffset=0.0pt
* \mag=1000
* \@twocolumnfalse
* \@twosidetrue
* \@mparswitchtrue
* \@reversemarginfalse
* (1in=72.27pt=25.4mm, 1cm=28.453pt)

pdfTeX warning (ext4): destination with the same identifier (name{table.5}) has
 been already used, duplicate ignored
<to be read again> 
                   \relax 
l.1319 ...right\arraybackslash}p{3cm}cccccccccccc}
                                                   [61




] [62]
*geometry* verbose mode - [ newgeometry ] result:
* driver: pdftex
* paper: <default>
* layout: <same size as paper>
* layoutoffset:(h,v)=(0.0pt,0.0pt)
* modes: twoside 
* h-part:(L,W,R)=(28.45274pt, 557.38951pt, 28.45274pt)
* v-part:(T,H,B)=(28.45274pt, 738.0645pt, 28.45274pt)
* \paperwidth=614.295pt
* \paperheight=794.96999pt
* \textwidth=557.38951pt
* \textheight=738.0645pt
* \oddsidemargin=-43.81725pt
* \evensidemargin=-43.81725pt
* \topmargin=-84.01724pt
* \headheight=15.2pt
* \headsep=25.0pt
* \topskip=12.0pt
* \footskip=30.0pt
* \marginparwidth=95.0pt
* \marginparsep=10.0pt
* \columnsep=10.0pt
* \skip\footins=10.8pt plus 4.0pt minus 2.0pt
* \hoffset=0.0pt
* \voffset=0.0pt
* \mag=1000
* \@twocolumnfalse
* \@twosidetrue
* \@mparswitchtrue
* \@reversemarginfalse
* (1in=72.27pt=25.4mm, 1cm=28.453pt)

pdfTeX warning (ext4): destination with the same identifier (name{table.5}) has
 been already used, duplicate ignored
<to be read again> 
                   \relax 
l.1373 ...right\arraybackslash}p{3cm}cccccccccccc}
                                                   [63




] [64]
*geometry* verbose mode - [ newgeometry ] result:
* driver: pdftex
* paper: <default>
* layout: <same size as paper>
* layoutoffset:(h,v)=(0.0pt,0.0pt)
* modes: twoside 
* h-part:(L,W,R)=(28.45274pt, 557.38951pt, 28.45274pt)
* v-part:(T,H,B)=(28.45274pt, 738.0645pt, 28.45274pt)
* \paperwidth=614.295pt
* \paperheight=794.96999pt
* \textwidth=557.38951pt
* \textheight=738.0645pt
* \oddsidemargin=-43.81725pt
* \evensidemargin=-43.81725pt
* \topmargin=-84.01724pt
* \headheight=15.2pt
* \headsep=25.0pt
* \topskip=12.0pt
* \footskip=30.0pt
* \marginparwidth=95.0pt
* \marginparsep=10.0pt
* \columnsep=10.0pt
* \skip\footins=10.8pt plus 4.0pt minus 2.0pt
* \hoffset=0.0pt
* \voffset=0.0pt
* \mag=1000
* \@twocolumnfalse
* \@twosidetrue
* \@mparswitchtrue
* \@reversemarginfalse
* (1in=72.27pt=25.4mm, 1cm=28.453pt)

pdfTeX warning (ext4): destination with the same identifier (name{table.5}) has
 been already used, duplicate ignored
<to be read again> 
                   \relax 
l.1427 ...right\arraybackslash}p{3cm}cccccccccccc}
                                                   [65




] [66]
*geometry* verbose mode - [ newgeometry ] result:
* driver: pdftex
* paper: <default>
* layout: <same size as paper>
* layoutoffset:(h,v)=(0.0pt,0.0pt)
* modes: twoside 
* h-part:(L,W,R)=(28.45274pt, 557.38951pt, 28.45274pt)
* v-part:(T,H,B)=(28.45274pt, 738.0645pt, 28.45274pt)
* \paperwidth=614.295pt
* \paperheight=794.96999pt
* \textwidth=557.38951pt
* \textheight=738.0645pt
* \oddsidemargin=-43.81725pt
* \evensidemargin=-43.81725pt
* \topmargin=-84.01724pt
* \headheight=15.2pt
* \headsep=25.0pt
* \topskip=12.0pt
* \footskip=30.0pt
* \marginparwidth=95.0pt
* \marginparsep=10.0pt
* \columnsep=10.0pt
* \skip\footins=10.8pt plus 4.0pt minus 2.0pt
* \hoffset=0.0pt
* \voffset=0.0pt
* \mag=1000
* \@twocolumnfalse
* \@twosidetrue
* \@mparswitchtrue
* \@reversemarginfalse
* (1in=72.27pt=25.4mm, 1cm=28.453pt)

pdfTeX warning (ext4): destination with the same identifier (name{table.5}) has
 been already used, duplicate ignored
<to be read again> 
                   \relax 
l.1481 ...raggedright\arraybackslash}p{3cm}cccccc}
                                                   [67




] [68] AED endfloat: Processing end Figures and Tables [69


] (./sample_writeup.aux)

LaTeX Warning: There were undefined references.

Package rerunfilecheck Info: File `sample_writeup.out' has not changed.
(rerunfilecheck)             Checksum: 96E16ECB253BC91102CD5A4615C9560A;6782.
 ) 
Here is how much of TeX's memory you used:
 28022 strings out of 480236
 527803 string characters out of 5894131
 832574 words of memory out of 5000000
 45208 multiletter control sequences out of 15000+600000
 584152 words of font info for 109 fonts, out of 8000000 for 9000
 14 hyphenation exceptions out of 8191
 99i,11n,103p,2063b,565s stack positions out of 5000i,500n,10000p,200000b,80000s
pdfTeX warning (dest): name{Hfootnote.2} has been referenced but does not exi
st, replaced by a fixed one

pdfTeX warning (dest): name{Hfootnote.1} has been referenced but does not exist
, replaced by a fixed one

{/Users/sebastiansciarra/Library/TinyTeX/texmf-dist/fonts/enc/dvips/lm/lm-ec.en
c}{/Users/sebastiansciarra/Library/TinyTeX/texmf-dist/fonts/enc/dvips/lm/lm-mat
hit.enc}{/Users/sebastiansciarra/Library/TinyTeX/texmf-dist/fonts/enc/dvips/bas
e/8r.enc}{/Users/sebastiansciarra/Library/TinyTeX/texmf-dist/fonts/enc/dvips/lm
/lm-rm.enc}{/Users/sebastiansciarra/Library/TinyTeX/texmf-dist/fonts/enc/dvips/
lm/lm-mathsy.enc}{/Users/sebastiansciarra/Library/TinyTeX/texmf-dist/fonts/enc/
dvips/lm/lm-ts1.enc}</Users/sebastiansciarra/Library/TinyTeX/texmf-dist/fonts/t
ype1/public/amsfonts/euler/eurm10.pfb></Users/sebastiansciarra/Library/TinyTeX/
texmf-dist/fonts/type1/public/amsfonts/euler/eurm7.pfb></Users/sebastiansciarra
/Library/TinyTeX/texmf-dist/fonts/type1/public/lm/lmbx10.pfb></Users/sebastians
ciarra/Library/TinyTeX/texmf-dist/fonts/type1/public/lm/lmbx12.pfb></Users/seba
stiansciarra/Library/TinyTeX/texmf-dist/fonts/type1/public/lm/lmbxi10.pfb></Use
rs/sebastiansciarra/Library/TinyTeX/texmf-dist/fonts/type1/public/lm/lmmi10.pfb
></Users/sebastiansciarra/Library/TinyTeX/texmf-dist/fonts/type1/public/lm/lmmi
12.pfb></Users/sebastiansciarra/Library/TinyTeX/texmf-dist/fonts/type1/public/l
m/lmmi6.pfb></Users/sebastiansciarra/Library/TinyTeX/texmf-dist/fonts/type1/pub
lic/lm/lmmi7.pfb></Users/sebastiansciarra/Library/TinyTeX/texmf-dist/fonts/type
1/public/lm/lmmi8.pfb></Users/sebastiansciarra/Library/TinyTeX/texmf-dist/fonts
/type1/public/lm/lmr10.pfb></Users/sebastiansciarra/Library/TinyTeX/texmf-dist/
fonts/type1/public/lm/lmr12.pfb></Users/sebastiansciarra/Library/TinyTeX/texmf-
dist/fonts/type1/public/lm/lmr7.pfb></Users/sebastiansciarra/Library/TinyTeX/te
xmf-dist/fonts/type1/public/lm/lmr8.pfb></Users/sebastiansciarra/Library/TinyTe
X/texmf-dist/fonts/type1/public/lm/lmri10.pfb></Users/sebastiansciarra/Library/
TinyTeX/texmf-dist/fonts/type1/public/lm/lmri12.pfb></Users/sebastiansciarra/Li
brary/TinyTeX/texmf-dist/fonts/type1/public/lm/lmss8.pfb></Users/sebastiansciar
ra/Library/TinyTeX/texmf-dist/fonts/type1/public/lm/lmsy10.pfb></Users/sebastia
nsciarra/Library/TinyTeX/texmf-dist/fonts/type1/public/lm/lmsy6.pfb></Users/seb
astiansciarra/Library/TinyTeX/texmf-dist/fonts/type1/public/lm/lmtt12.pfb></Use
rs/sebastiansciarra/Library/TinyTeX/texmf-dist/fonts/type1/urw/helvetic/uhvb8a.
pfb></Users/sebastiansciarra/Library/TinyTeX/texmf-dist/fonts/type1/urw/helveti
c/uhvr8a.pfb></Users/sebastiansciarra/Library/TinyTeX/texmf-dist/fonts/type1/ur
w/helvetic/uhvro8a.pfb>
Output written on sample_writeup.pdf (69 pages, 926108 bytes).
PDF statistics:
 900 PDF objects out of 1000 (max. 8388607)
 736 compressed objects within 8 object streams
 170 named destinations out of 1000 (max. 500000)
 375 words of extra memory for PDF output out of 10000 (max. 10000000)

